0 info it worked if it ends with ok
1 verbose cli [
1 verbose cli   'C:\\Program Files\\nodejs\\node.exe',
1 verbose cli   'C:\\Program Files\\nodejs\\node_modules\\npm\\bin\\npm-cli.js',
1 verbose cli   'install',
1 verbose cli   '—save',
1 verbose cli   'react-redux-firebase@2.2.4'
1 verbose cli ]
2 info using npm@6.14.8
3 info using node@v14.15.1
4 verbose npm-session 769a68a28d5a001a
5 error arg Argument starts with non-ascii dash, this is probably invalid: [ '—save', 'react-redux-firebase@2.2.4' ]
6 silly install loadCurrentTree
7 silly install readLocalPackageData
8 silly fetchPackageMetaData error for react-redux-firebase@2.2.4 install —save react-redux-firebase@2.2.4 is not a legal HTTP header value
9 timing stage:rollbackFailedOptional Completed in 0ms
10 timing stage:runTopLevelLifecycles Completed in 2034ms
11 verbose stack Error: Invalid tag name "—save": Tags may not have any characters that encodeURIComponent encodes.
11 verbose stack     at invalidTagName (C:\Program Files\nodejs\node_modules\npm\node_modules\npm-package-arg\npa.js:91:15)
11 verbose stack     at fromRegistry (C:\Program Files\nodejs\node_modules\npm\node_modules\npm-package-arg\npa.js:296:13)
11 verbose stack     at resolve (C:\Program Files\nodejs\node_modules\npm\node_modules\npm-package-arg\npa.js:81:12)
11 verbose stack     at npa (C:\Program Files\nodejs\node_modules\npm\node_modules\npm-package-arg\npa.js:52:10)
11 verbose stack     at C:\Program Files\nodejs\node_modules\npm\lib\install\deps.js:231:14
11 verbose stack     at C:\Program Files\nodejs\node_modules\npm\node_modules\slide\lib\async-map.js:52:35
11 verbose stack     at Array.forEach (<anonymous>)
11 verbose stack     at C:\Program Files\nodejs\node_modules\npm\node_modules\slide\lib\async-map.js:52:11
11 verbose stack     at Array.forEach (<anonymous>)
11 verbose stack     at asyncMap (C:\Program Files\nodejs\node_modules\npm\node_modules\slide\lib\async-map.js:51:8)
11 verbose stack     at exports.getAllMetadata (C:\Program Files\nodejs\node_modules\npm\lib\install\deps.js:228:3)
11 verbose stack     at Installer.loadArgMetadata (C:\Program Files\nodejs\node_modules\npm\lib\install.js:366:3)
11 verbose stack     at C:\Program Files\nodejs\node_modules\npm\lib\install.js:704:16
11 verbose stack     at C:\Program Files\nodejs\node_modules\npm\lib\install\read-shrinkwrap.js:33:16
11 verbose stack     at tryCatcher (C:\Program Files\nodejs\node_modules\npm\node_modules\bluebird\js\release\util.js:16:23)
11 verbose stack     at Promise._settlePromiseFromHandler (C:\Program Files\nodejs\node_modules\npm\node_modules\bluebird\js\release\promise.js:517:31)
12 verbose cwd C:\Users\sad sad\Desktop\React\app
13 verbose Windows_NT 10.0.18363
14 verbose argv "C:\\Program Files\\nodejs\\node.exe" "C:\\Program Files\\nodejs\\node_modules\\npm\\bin\\npm-cli.js" "install" "—save" "react-redux-firebase@2.2.4"
15 verbose node v14.15.1
16 verbose npm  v6.14.8
17 error code EINVALIDTAGNAME
18 error Invalid tag name "—save": Tags may not have any characters that encodeURIComponent encodes.
19 verbose exit [ 1, true ]
